106.01.19 10:23 B c:\windows\desktop\phpmailer\phpmailer\language\phpmailer.lang-br.php --> www.hksm.com.hk /var/www/html/phpmailer/phpmailer/language phpmailer.lang-br.php
106.01.19 10:23 B c:\windows\desktop\phpmailer\phpmailer\language\phpmailer.lang-ca.php --> www.hksm.com.hk /var/www/html/phpmailer/phpmailer/language phpmailer.lang-ca.php
106.01.19 10:23 B c:\windows\desktop\phpmailer\phpmailer\language\phpmailer.lang-cz.php --> www.hksm.com.hk /var/www/html/phpmailer/phpmailer/language phpmailer.lang-cz.php
106.01.19 10:23 B c:\windows\desktop\phpmailer\phpmailer\language\phpmailer.lang-de.php --> www.hksm.com.hk /var/www/html/phpmailer/phpmailer/language phpmailer.lang-de.php
106.01.19 10:23 B c:\windows\desktop\phpmailer\phpmailer\language\phpmailer.lang-dk.php --> www.hksm.com.hk /var/www/html/phpmailer/phpmailer/language phpmailer.lang-dk.php
106.01.19 10:23 B c:\windows\desktop\phpmailer\phpmailer\language\phpmailer.lang-en.php --> www.hksm.com.hk /var/www/html/phpmailer/phpmailer/language phpmailer.lang-en.php
106.01.19 10:23 B c:\windows\desktop\phpmailer\phpmailer\language\phpmailer.lang-es.php --> www.hksm.com.hk /var/www/html/phpmailer/phpmailer/language phpmailer.lang-es.php
106.01.19 10:23 B c:\windows\desktop\phpmailer\phpmailer\language\phpmailer.lang-fi.php --> www.hksm.com.hk /var/www/html/phpmailer/phpmailer/language phpmailer.lang-fi.php
106.01.19 10:23 B c:\windows\desktop\phpmailer\phpmailer\language\phpmailer.lang-fo.php --> www.hksm.com.hk /var/www/html/phpmailer/phpmailer/language phpmailer.lang-fo.php
106.01.19 10:23 B c:\windows\desktop\phpmailer\phpmailer\language\phpmailer.lang-fr.php --> www.hksm.com.hk /var/www/html/phpmailer/phpmailer/language phpmailer.lang-fr.php
106.01.19 10:23 B c:\windows\desktop\phpmailer\phpmailer\language\phpmailer.lang-hu.php --> www.hksm.com.hk /var/www/html/phpmailer/phpmailer/language phpmailer.lang-hu.php
106.01.19 10:23 B c:\windows\desktop\phpmailer\phpmailer\language\phpmailer.lang-it.php --> www.hksm.com.hk /var/www/html/phpmailer/phpmailer/language phpmailer.lang-it.php
106.01.19 10:23 B c:\windows\desktop\phpmailer\phpmailer\language\phpmailer.lang-ja.php --> www.hksm.com.hk /var/www/html/phpmailer/phpmailer/language phpmailer.lang-ja.php
106.01.19 10:23 B c:\windows\desktop\phpmailer\phpmailer\language\phpmailer.lang-nl.php --> www.hksm.com.hk /var/www/html/phpmailer/phpmailer/language phpmailer.lang-nl.php
106.01.19 10:23 B c:\windows\desktop\phpmailer\phpmailer\language\phpmailer.lang-no.php --> www.hksm.com.hk /var/www/html/phpmailer/phpmailer/language phpmailer.lang-no.php
106.01.19 10:23 B c:\windows\desktop\phpmailer\phpmailer\language\phpmailer.lang-pl.php --> www.hksm.com.hk /var/www/html/phpmailer/phpmailer/language phpmailer.lang-pl.php
106.01.19 10:23 B c:\windows\desktop\phpmailer\phpmailer\language\phpmailer.lang-ro.php --> www.hksm.com.hk /var/www/html/phpmailer/phpmailer/language phpmailer.lang-ro.php
106.01.19 10:23 B c:\windows\desktop\phpmailer\phpmailer\language\phpmailer.lang-ru.php --> www.hksm.com.hk /var/www/html/phpmailer/phpmailer/language phpmailer.lang-ru.php
106.01.19 10:23 B c:\windows\desktop\phpmailer\phpmailer\language\phpmailer.lang-se.php --> www.hksm.com.hk /var/www/html/phpmailer/phpmailer/language phpmailer.lang-se.php
106.01.19 10:23 B c:\windows\desktop\phpmailer\phpmailer\language\phpmailer.lang-tr.php --> www.hksm.com.hk /var/www/html/phpmailer/phpmailer/language phpmailer.lang-tr.php
106.01.19 10:37 B c:\windows\desktop\phpmailer\phpmailer\language\phpmailer.lang-br.php --> www.hksm.com.hk /var/www/html/phpmailer/language phpmailer.lang-br.php
106.01.19 10:37 B c:\windows\desktop\phpmailer\phpmailer\language\phpmailer.lang-ca.php --> www.hksm.com.hk /var/www/html/phpmailer/language phpmailer.lang-ca.php
106.01.19 10:37 B c:\windows\desktop\phpmailer\phpmailer\language\phpmailer.lang-cz.php --> www.hksm.com.hk /var/www/html/phpmailer/language phpmailer.lang-cz.php
106.01.19 10:37 B c:\windows\desktop\phpmailer\phpmailer\language\phpmailer.lang-de.php --> www.hksm.com.hk /var/www/html/phpmailer/language phpmailer.lang-de.php
106.01.19 10:37 B c:\windows\desktop\phpmailer\phpmailer\language\phpmailer.lang-dk.php --> www.hksm.com.hk /var/www/html/phpmailer/language phpmailer.lang-dk.php
106.01.19 10:37 B c:\windows\desktop\phpmailer\phpmailer\language\phpmailer.lang-en.php --> www.hksm.com.hk /var/www/html/phpmailer/language phpmailer.lang-en.php
106.01.19 10:37 B c:\windows\desktop\phpmailer\phpmailer\language\phpmailer.lang-es.php --> www.hksm.com.hk /var/www/html/phpmailer/language phpmailer.lang-es.php
106.01.19 10:37 B c:\windows\desktop\phpmailer\phpmailer\language\phpmailer.lang-fi.php --> www.hksm.com.hk /var/www/html/phpmailer/language phpmailer.lang-fi.php
106.01.19 10:37 B c:\windows\desktop\phpmailer\phpmailer\language\phpmailer.lang-fo.php --> www.hksm.com.hk /var/www/html/phpmailer/language phpmailer.lang-fo.php
106.01.19 10:37 B c:\windows\desktop\phpmailer\phpmailer\language\phpmailer.lang-fr.php --> www.hksm.com.hk /var/www/html/phpmailer/language phpmailer.lang-fr.php
106.01.19 10:37 B c:\windows\desktop\phpmailer\phpmailer\language\phpmailer.lang-hu.php --> www.hksm.com.hk /var/www/html/phpmailer/language phpmailer.lang-hu.php
106.01.19 10:37 B c:\windows\desktop\phpmailer\phpmailer\language\phpmailer.lang-it.php --> www.hksm.com.hk /var/www/html/phpmailer/language phpmailer.lang-it.php
106.01.19 10:37 B c:\windows\desktop\phpmailer\phpmailer\language\phpmailer.lang-ja.php --> www.hksm.com.hk /var/www/html/phpmailer/language phpmailer.lang-ja.php
106.01.19 10:37 B c:\windows\desktop\phpmailer\phpmailer\language\phpmailer.lang-nl.php --> www.hksm.com.hk /var/www/html/phpmailer/language phpmailer.lang-nl.php
106.01.19 10:37 B c:\windows\desktop\phpmailer\phpmailer\language\phpmailer.lang-no.php --> www.hksm.com.hk /var/www/html/phpmailer/language phpmailer.lang-no.php
106.01.19 10:37 B c:\windows\desktop\phpmailer\phpmailer\language\phpmailer.lang-pl.php --> www.hksm.com.hk /var/www/html/phpmailer/language phpmailer.lang-pl.php
106.01.19 10:37 B c:\windows\desktop\phpmailer\phpmailer\language\phpmailer.lang-ro.php --> www.hksm.com.hk /var/www/html/phpmailer/language phpmailer.lang-ro.php
106.01.19 10:37 B c:\windows\desktop\phpmailer\phpmailer\language\phpmailer.lang-ru.php --> www.hksm.com.hk /var/www/html/phpmailer/language phpmailer.lang-ru.php
106.01.19 10:37 B c:\windows\desktop\phpmailer\phpmailer\language\phpmailer.lang-se.php --> www.hksm.com.hk /var/www/html/phpmailer/language phpmailer.lang-se.php
106.01.19 10:37 B c:\windows\desktop\phpmailer\phpmailer\language\phpmailer.lang-tr.php --> www.hksm.com.hk /var/www/html/phpmailer/language phpmailer.lang-tr.php
2006.12.13 17:02 B e:\edp\fevaworks\hksm_live_20061213\phpmailer\language\WS_FTP.LOG <-- hksmweb /var/www/html/html_old/phpmailer/language WS_FTP.LOG
2006.12.13 17:05 B e:\edp\fevaworks\hksm_live_20061213\phpmailer\language\phpmailer.lang-br.php --> www.hksm.com.hk /var/www/html/phpmailer/language phpmailer.lang-br.php
2006.12.13 17:05 B e:\edp\fevaworks\hksm_live_20061213\phpmailer\language\phpmailer.lang-ca.php --> www.hksm.com.hk /var/www/html/phpmailer/language phpmailer.lang-ca.php
2006.12.13 17:05 B e:\edp\fevaworks\hksm_live_20061213\phpmailer\language\phpmailer.lang-cz.php --> www.hksm.com.hk /var/www/html/phpmailer/language phpmailer.lang-cz.php
2006.12.13 17:05 B e:\edp\fevaworks\hksm_live_20061213\phpmailer\language\phpmailer.lang-de.php --> www.hksm.com.hk /var/www/html/phpmailer/language phpmailer.lang-de.php
2006.12.13 17:05 B e:\edp\fevaworks\hksm_live_20061213\phpmailer\language\phpmailer.lang-dk.php --> www.hksm.com.hk /var/www/html/phpmailer/language phpmailer.lang-dk.php
2006.12.13 17:05 B e:\edp\fevaworks\hksm_live_20061213\phpmailer\language\phpmailer.lang-en.php --> www.hksm.com.hk /var/www/html/phpmailer/language phpmailer.lang-en.php
2006.12.13 17:05 B e:\edp\fevaworks\hksm_live_20061213\phpmailer\language\phpmailer.lang-es.php --> www.hksm.com.hk /var/www/html/phpmailer/language phpmailer.lang-es.php
2006.12.13 17:05 B e:\edp\fevaworks\hksm_live_20061213\phpmailer\language\phpmailer.lang-fi.php --> www.hksm.com.hk /var/www/html/phpmailer/language phpmailer.lang-fi.php
2006.12.13 17:05 B e:\edp\fevaworks\hksm_live_20061213\phpmailer\language\phpmailer.lang-fo.php --> www.hksm.com.hk /var/www/html/phpmailer/language phpmailer.lang-fo.php
2006.12.13 17:05 B e:\edp\fevaworks\hksm_live_20061213\phpmailer\language\phpmailer.lang-fr.php --> www.hksm.com.hk /var/www/html/phpmailer/language phpmailer.lang-fr.php
2006.12.13 17:05 B e:\edp\fevaworks\hksm_live_20061213\phpmailer\language\phpmailer.lang-hu.php --> www.hksm.com.hk /var/www/html/phpmailer/language phpmailer.lang-hu.php
2006.12.13 17:05 B e:\edp\fevaworks\hksm_live_20061213\phpmailer\language\phpmailer.lang-it.php --> www.hksm.com.hk /var/www/html/phpmailer/language phpmailer.lang-it.php
2006.12.13 17:05 B e:\edp\fevaworks\hksm_live_20061213\phpmailer\language\phpmailer.lang-ja.php --> www.hksm.com.hk /var/www/html/phpmailer/language phpmailer.lang-ja.php
2006.12.13 17:05 B e:\edp\fevaworks\hksm_live_20061213\phpmailer\language\phpmailer.lang-nl.php --> www.hksm.com.hk /var/www/html/phpmailer/language phpmailer.lang-nl.php
2006.12.13 17:05 B e:\edp\fevaworks\hksm_live_20061213\phpmailer\language\phpmailer.lang-no.php --> www.hksm.com.hk /var/www/html/phpmailer/language phpmailer.lang-no.php
2006.12.13 17:05 B e:\edp\fevaworks\hksm_live_20061213\phpmailer\language\phpmailer.lang-pl.php --> www.hksm.com.hk /var/www/html/phpmailer/language phpmailer.lang-pl.php
2006.12.13 17:05 B e:\edp\fevaworks\hksm_live_20061213\phpmailer\language\phpmailer.lang-ro.php --> www.hksm.com.hk /var/www/html/phpmailer/language phpmailer.lang-ro.php
2006.12.13 17:05 B e:\edp\fevaworks\hksm_live_20061213\phpmailer\language\phpmailer.lang-ru.php --> www.hksm.com.hk /var/www/html/phpmailer/language phpmailer.lang-ru.php
2006.12.13 17:05 B e:\edp\fevaworks\hksm_live_20061213\phpmailer\language\phpmailer.lang-se.php --> www.hksm.com.hk /var/www/html/phpmailer/language phpmailer.lang-se.php
2006.12.13 17:05 B e:\edp\fevaworks\hksm_live_20061213\phpmailer\language\phpmailer.lang-tr.php --> www.hksm.com.hk /var/www/html/phpmailer/language phpmailer.lang-tr.php
